Add component: Footprint Not Found CAPC1608X90N
Add component: Footprint Not Found CAPC1608X90N
Added Component: Designator=IC1(SOIC127P600X175-8N)
Add component: Footprint Not Found SOIC127P600X175-8N
Add component: Footprint Not Found SOIC127P600X175-8N
Add component: Footprint Not Found 18772852
Add component: Footprint Not Found 18772852
Add Pin To Net: Unknown Pin: Pin C1-1
Add Pin To Net: Unknown Pin: Pin C1-2
Add Pin To Net: Unknown Pin: Pin C2-1
Add Pin To Net: Unknown Pin: Pin C2-2
Added Pin To Net: NetName=GND Pin=IC1-2
Add Pin To Net: Unknown Pin: Pin IC2-1
Add Pin To Net: Unknown Pin: Pin IC2-2
Add Pin To Net: Unknown Pin: Pin IC2-3
Add Pin To Net: Unknown Pin: Pin IC2-4
Add Pin To Net: Unknown Pin: Pin IC2-5
Add Pin To Net: Unknown Pin: Pin IC2-6
Add Pin To Net: Unknown Pin: Pin IC3-1
Add Pin To Net: Unknown Pin: Pin J2-1
Add Pin To Net: Unknown Pin: Pin J2-2
Add Class Member: Failed to add class member : Component C1 10u
Add Class Member: Failed to add class member : Component C2 100n
Added Member To Class: ClassName=This is my A Schematic Document Member=Component IC1 tutorial
Add Class Member: Failed to add class member : Component IC2 MCP3422A1T-E_SN
Add Class Member: Failed to add class member : Component IC3 MCP3422A1T-E_SN
Add Class Member: Failed to add class member : Component J1 1877285-2
Add Class Member: Failed to add class member : Component J2 1877285-2
