Add component: Footprint Not Found CAPC3216X94N
Add component: Footprint Not Found CAPC3216X75N
Add component: Footprint Not Found SM24CANB02HTG
Add component: Footprint Not Found ACT45B1012PTL003
Add component: Footprint Not Found SOIC127P600X175-8N
Add component: Footprint Not Found RESC3216X65N
Add component: Footprint Not Found RESC3216X65N
Add component: Footprint Not Found RESC3216X65N
Add Pin To Net: Unknown Pin: Pin C?-2
Add Pin To Net: Unknown Pin: Pin C?-2
Add Pin To Net: Unknown Pin: Pin D?-3
Added Net: Name=3.3V
Added Net: Name=CAN H
Added Net: Name=CAN L
Added Net: Name=CANCH
Added Net: Name=CANCL
Added Net: Name=NetC?_1
Added Net: Name=NetIC?_1
Added Net: Name=NetIC?_4
Added Net: Name=NetIC?_5
Add Class Member: Failed to add class member : Component C? 100n
Add Class Member: Failed to add class member : Component C? 4.7n
Add Class Member: Failed to add class member : Component D? SM24CANB-02HTG
Add Class Member: Failed to add class member : Component FL? ACT45B-510-2P-TL003
Add Class Member: Failed to add class member : Component IC? TCAN337GD
Add Class Member: Failed to add class member : Component R? 10k
Add Class Member: Failed to add class member : Component R? 60.4
Add Class Member: Failed to add class member : Component R? 60.4
